<details> <summary> <b>openwrt routing new commit log :new: </b>  </summary>

SHA|Author|Date|Message
-|-|-|-
4af9b69|Rob White|Thu Mar 21 20:39:24 2024 +0000|mesh11sd: update to version 3.1.0
da3b774|Paul Spooren|Thu Mar 14 14:46:15 2024 +0100|ci: set correct arch for rootfs tests
10d7b78|Paul Spooren|Wed Jan 10 17:22:54 2024 +0100|ci: no longer require real name
2610af4|Simon Wunderlich|Mon Feb 5 10:54:16 2024 +0100|Merge pull request #1047 from ecsv/batadv-for-22.03
61f15a7|Simon Wunderlich|Mon Feb 5 10:54:07 2024 +0100|Merge pull request #1045 from ecsv/batadv-2024.0
9090aef|Sven Eckelmann|Mon Feb 5 08:52:23 2024 +0100|batman-adv: Provide teardown hook for batadv_vlan proto
03b4663|Sven Eckelmann|Mon Feb 5 08:52:23 2024 +0100|batman-adv: Provide teardown hook for batadv_vlan proto
024b1db|Simon Wunderlich|Sun Feb 4 11:52:39 2024 +0100|Merge pull request #1042 from ecsv/batadv-for-22.03
6a7a1a5|Sven Eckelmann|Fri Feb 2 22:46:09 2024 +0100|batman-adv: update to version 2024.0
5b1caf1|Sven Eckelmann|Fri Feb 2 22:45:32 2024 +0100|batctl: update to version 2024.0
b40ad19|Sven Eckelmann|Fri Feb 2 22:44:57 2024 +0100|alfred: update to version 2024.0
056013f|Sven Eckelmann|Fri Feb 2 22:59:34 2024 +0100|batctl: Merge bugfixes from 2024.0
076a275|Sven Eckelmann|Sat Feb 3 08:56:13 2024 +0100|treewide: remove AUTORELEASE
6f74738|Simon Wunderlich|Sat Dec 23 18:05:57 2023 +0100|Merge pull request #1038 from ecsv/batadv-2023.3
96b5fa1|Sven Eckelmann|Sat Dec 23 11:55:49 2023 +0100|batman-adv: compat: Fix skb_vlan_eth_hdr conflict in stable kernels
a5ec54a|Rob White|Thu Nov 23 16:06:11 2023 +0000|opennds: update to version 10.2.0
f0f1b0a|Simon Wunderlich|Fri Nov 17 22:05:13 2023 +0100|Merge pull request #1033 from ecsv/batadv-2023.3
28b8a5e|Sven Eckelmann|Fri Nov 17 21:31:47 2023 +0100|batman-adv: update to version 2023.3
b69c629|Sven Eckelmann|Fri Nov 17 21:31:28 2023 +0100|batctl: update to version 2023.3
1bdab4b|Sven Eckelmann|Fri Nov 17 21:30:59 2023 +0100|alfred: update to version 2023.3
601bd6c|William Fleurant|Sun Oct 29 10:05:17 2023 +0100|cjdns: always build without ccache prefix
777c115|Moritz Warning|Tue Oct 10 20:51:00 2023 +0200|nodogsplash: explicit file copy
55df09a|Moritz Warning|Tue Oct 10 00:35:21 2023 +0200|nodogsplash: update to version 5.0.2
2a725e7|Moritz Warning|Tue Oct 10 20:51:00 2023 +0200|nodogsplash: explicit file copy
49da9e9|Bradford Zhang|Sat Oct 7 21:41:10 2023 +0800|bird2: bump to version 2.14
fe1c67f|Moritz Warning|Tue Oct 10 00:35:21 2023 +0200|nodogsplash: update to version 5.0.2
b312934|Josef Schlehofer|Thu Sep 28 09:31:02 2023 +0200|bmx6: drop package
f737045|Josef Schlehofer|Thu Sep 28 09:34:27 2023 +0200|luci-app-bmx6: drop this because of security vulnerabilities
c2124dd|Josef Schlehofer|Thu Sep 28 09:34:27 2023 +0200|luci-app-bmx6: drop this because of security vulnerabilities
9fb9d93|Josef Schlehofer|Thu Sep 28 09:31:02 2023 +0200|bmx6: drop package
0b19771|Rob White|Mon Aug 28 16:19:06 2023 +0100|opennds: update to version 10.1.3
fa833a0|Jeffery To|Fri Jun 2 22:04:38 2023 +0800|CI: Sort build architectures in alphabetical order
191f6c0|Christian Marangi|Fri May 26 14:43:12 2023 +0200|CI: add concurrency rules to skip redundant build
675248d|Jeffery To|Wed May 10 14:10:37 2023 +0800|CI: Do package run-tests only if target packages were built
4f11560|Jeffery To|Wed May 10 13:51:59 2023 +0800|CI: Run "apt-get update" before installing signify-openbsd
86f308d|Van Waholtz|Mon May 1 19:04:24 2023 +0800|CI: Enable runtime_test for mips_24kc
ca62049|Gerard Ryan|Sat Apr 29 16:25:49 2023 +1000|cache-domains: added pre-test.sh CI step
9f7ba4a|Jeffery To|Wed Mar 22 15:46:13 2023 +0800|CI: Add local feed for CI-built packages
ac03feb|Jeffery To|Tue Mar 21 14:41:48 2023 +0800|CI: Add --autoremove, ignore removal errors
9fb0ed2|Tianling Shen|Thu Mar 9 14:17:35 2023 +0800|CI: update build architectures
dce4a4c|Paul Spooren|Thu Dec 1 21:02:10 2022 +0100|ci: only comment AUTORELEASE deprecation if exists
42584b0|Paul Spooren|Wed Nov 16 19:06:20 2022 +0100|CI: deprecate $(AUTORELEASE) via comments
120bf33|Josef Schlehofer|Fri Mar 3 11:04:50 2023 +0100|ci: change default packages
8e68501|Alois Klink|Wed Nov 23 18:37:01 2022 +0000|github-ci: error on any shell errors
b1ca335|Christian Marangi|Tue Oct 25 11:03:01 2022 +0200|ci: update github actions to v3
fe55760|Jeffery To|Tue May 31 15:02:04 2022 +0800|ci: Use openwrt/gh-action-sdk@v5
88c98c9|Rob White|Mon Aug 28 16:19:06 2023 +0100|opennds: update to version 10.1.3
d86c0c2|Simon Wunderlich|Wed Aug 23 09:14:28 2023 +0200|Merge pull request #1015 from ecsv/batman-adv-2023.2
f47368c|Simon Wunderlich|Wed Aug 23 08:47:03 2023 +0200|Merge pull request #1017 from ecsv/batadv-for-22.03
364379c|Sven Eckelmann|Tue Aug 22 18:26:35 2023 +0200|batman-adv: Fix lock assert after fragmentation change
7b3fd63|Sven Eckelmann|Tue Aug 22 18:26:35 2023 +0200|batman-adv: Fix lock assert after fragmentation change
05b717a|Simon Wunderlich|Fri Aug 18 17:40:12 2023 +0200|Merge pull request #1014 from ecsv/batadv-for-22.03
6f6bcba|Simon Wunderlich|Fri Aug 18 17:06:22 2023 +0200|Merge pull request #1012 from ecsv/batman-adv-2023.2
167d93c|Sven Eckelmann|Fri Aug 18 16:01:22 2023 +0200|alfred: update to version 2023.2
8fd009e|Sven Eckelmann|Fri Aug 18 16:01:22 2023 +0200|batctl: update to version 2023.2
e7ee4c5|Sven Eckelmann|Fri Aug 18 16:01:22 2023 +0200|batman-adv: update to version 2023.2
12577be|Sven Eckelmann|Fri Aug 18 15:52:18 2023 +0200|batman-adv: Merge bugfixes from 2023.2
3e10d07|Rob White|Sun Aug 6 10:09:06 2023 +0100|mesh11sd: update to version 2.0.0
78ca8d3|Moritz Warning|Thu Jul 27 21:03:57 2023 +0200|nodogsplash: remove opennds from conflicts
1381661|Moritz Warning|Sat Jul 22 19:12:29 2023 +0200|nodogsplash: update to 5.0.1
5beb3be|Rob White|Mon Jul 31 21:33:11 2023 +0100|mesh11sd: Release v2.0.0
5b34377|Rob White|Sat Jul 29 19:26:10 2023 +0100|opennds: Release v10.1.2
6fbf3b0|Rob White|Fri Jul 14 21:32:34 2023 +0100|opennds: Release v10.1.1
e4a53c1|Rob White|Sun Jul 30 21:02:17 2023 +0100|opennds: Release v10.1.2
3eb9aa3|Rob White|Sat Jul 29 19:26:10 2023 +0100|opennds: Release v10.1.2
967dde5|Moritz Warning|Thu Jul 27 21:03:57 2023 +0200|nodogsplash: remove opennds from conflicts
eb8978e|Nick Hainke|Thu Jul 27 11:19:09 2023 +0200|babeld: update to 1.13.1
91e0790|Moritz Warning|Sat Jul 22 19:12:29 2023 +0200|nodogsplash: update to 5.0.1
0221a2a|Marek Küthe|Fri Jul 21 13:00:42 2023 +0200|quagga: Remove, as is no longer being developed
c7bc308|Josef Schlehofer|Fri Jul 21 20:01:49 2023 +0200|Merge pull request #995 from marek22k/master
fa136b7|Marek Küthe|Fri Jul 21 12:28:35 2023 +0200|bird1: Remove, as EOL has been reached
9e13652|Nick Hainke|Tue Jul 18 23:32:04 2023 +0200|babeld: update to 1.13
26f5f0f|Rob White|Fri Jul 14 21:32:34 2023 +0100|opennds: Release v10.1.1
1a40d7c|Rob White|Mon Jun 19 09:11:43 2023 +0100|opennds: Release v10.1.0
faf2c32|Bradford Zhang|Fri Jun 30 00:03:37 2023 +0800|bird2: bump to version 2.13.1
bdf9237|Bradford Zhang|Fri Jun 30 00:03:37 2023 +0800|bird2: bump to version 2.13.1
04a287e|Tianling Shen|Sun Jun 11 13:28:03 2023 +0800|CI: update build architectures
f165789|Jeffery To|Fri Jun 2 22:09:46 2023 +0800|CI: Add build test for riscv64_riscv64
06b7d9b|Jeffery To|Fri Jun 2 22:04:38 2023 +0800|CI: Sort build architectures in alphabetical order
5aa683b|Christian Marangi|Fri May 26 14:43:12 2023 +0200|CI: add concurrency rules to skip redundant build
299ee2b|Jeffery To|Wed May 10 14:10:37 2023 +0800|CI: Do package run-tests only if target packages were built
89cf0d5|Jeffery To|Wed May 10 13:51:59 2023 +0800|CI: Run "apt-get update" before installing signify-openbsd
28d2041|Van Waholtz|Mon May 1 19:04:24 2023 +0800|CI: Enable runtime_test for mips_24kc
61997c8|Gerard Ryan|Sat Apr 29 16:25:49 2023 +1000|cache-domains: added pre-test.sh CI step
f818fe7|Jeffery To|Wed Mar 22 15:46:13 2023 +0800|CI: Add local feed for CI-built packages
53a53b8|Jeffery To|Tue Mar 21 14:41:48 2023 +0800|CI: Add --autoremove, ignore removal errors
7928f7d|Tianling Shen|Thu Mar 9 14:17:35 2023 +0800|CI: update build architectures
b3b01af|Paul Spooren|Thu Dec 1 21:02:10 2022 +0100|ci: only comment AUTORELEASE deprecation if exists
c993ee8|Paul Spooren|Wed Nov 16 19:06:20 2022 +0100|CI: deprecate $(AUTORELEASE) via comments
7b19110|Rob White|Mon Jun 19 09:11:43 2023 +0100|opennds: Release v10.1.0
aab3b64|Nick Hainke|Mon Jun 12 12:42:42 2023 +0200|olsrd: update to 2023-06-12
dc5e428|Patrick Grimm|Sun Feb 26 12:06:16 2023 +0100|luci-app-olsrd2: add html table for all LAN prefixes
618e80a|Maciej Krüger|Sun Apr 10 01:58:41 2022 +0200|oonf-olsrd2: add support to check if service is running
593a514|Simon Wunderlich|Sat May 27 21:59:55 2023 +0200|Merge pull request #975 from ecsv/batadv-2023.1
04bbb0a|Sven Eckelmann|Sat May 27 12:15:47 2023 +0200|batman-adv: Drop support for kernel < 5.15
3d6c7c6|Sven Eckelmann|Sat May 27 12:10:09 2023 +0200|alfred: update to version 2023.1
b23dadc|Sven Eckelmann|Sat May 27 12:09:50 2023 +0200|batctl: update to version 2023.1
6afc045|Sven Eckelmann|Sat May 27 12:09:02 2023 +0200|batman-adv: update to version 2023.1
e8856b9|William Fleurant|Sun May 21 03:33:54 2023 +0200|cjdns: patch of gyp imports support python3.10 (#974)
f2b9e35|Bradford Zhang|Sat May 13 21:55:27 2023 +0800|bird2: bump to version 2.13
c9a8f2d|Josef Schlehofer|Fri Mar 3 11:04:50 2023 +0100|ci: change default packages
03ca072|Alois Klink|Wed Nov 23 18:37:01 2022 +0000|github-ci: error on any shell errors
51c05a1|Bradford Zhang|Sat May 13 21:55:27 2023 +0800|bird2: bump to version 2.13
3e96c85|Nick Hainke|Wed Apr 26 11:40:36 2023 +0200|treewide: remove AUTORELEASE
a26e344|Caleb James DeLisle|Tue Apr 18 15:14:08 2023 +0200|cjdns: Fix dangling pointer bug (#964)
e2eb847|Andre Heider|Thu Mar 23 09:53:12 2023 +0100|treewide: refactor to use PKG_BUILD_FLAGS:=lto
67ad3b9|Andre Heider|Thu Mar 23 09:52:20 2023 +0100|treewide: refactor to use PKG_BUILD_FLAGS:=gc-sections
9febc56|Andre Heider|Thu Mar 23 09:51:00 2023 +0100|prince: refactor to use PKG_BUILD_FLAGS:=no-mips16
8fe743c|Simon Wunderlich|Tue Apr 11 11:21:38 2023 +0200|Merge pull request #962 from mrnuke/batfix
2eb71d7|Alexandru Gagniuc|Thu Apr 6 18:05:50 2023 -0500|batman-adv: fix compilation bug in batadv_is_cfg80211_netdev()
1b063f3|Jakob Riepler|Sat Mar 4 14:55:53 2023 +0100|oonf-olsrd2: update to current develop branch - fixes routing#899
1cc7676|Josef Schlehofer|Thu Mar 9 09:20:19 2023 +0100|Merge pull request #957 from rogerpueyo/openwrt-22.03-backport-bird1-fixes
b8e0831|Roger Pueyo Centelles|Sun Feb 26 17:18:19 2023 +0100|bird1: fix "Form token mismatch" errors in luci-app-bird1-ipv{4,6}
3d7df59|Roger Pueyo Centelles|Sun Feb 26 17:02:08 2023 +0100|bird1: rename get_bool() to get_a_bool() in bird{4,6}-lib.sh
4e0e702|Roger Pueyo Centelles|Fri Mar 3 10:13:32 2023 +0100|bird1-openwrt: fix Makefile issues
58a4a00|Roger Pueyo Centelles|Tue Dec 13 16:53:04 2022 +0100|bird1-openwrt: use a single Makefile for IPv4 and IPv6 packages
c37fbab|Roger Pueyo Centelles|Sun Feb 26 17:18:19 2023 +0100|bird1: fix "Form token mismatch" errors in luci-app-bird1-ipv{4,6}
d32f93e|Roger Pueyo Centelles|Sun Feb 26 17:02:08 2023 +0100|bird1: rename get_bool() to get_a_bool() in bird{4,6}-lib.sh
6697ca2|Roger Pueyo Centelles|Fri Mar 3 10:13:32 2023 +0100|bird1-openwrt: fix Makefile issues
914c27a|Roger Pueyo Centelles|Tue Dec 13 16:53:04 2022 +0100|bird1-openwrt: use a single Makefile for IPv4 and IPv6 packages
5d87b95|Christian Marangi|Tue Oct 25 11:03:01 2022 +0200|ci: update github actions to v3
cc1dd76|Bradford Zhang|Tue Feb 21 12:53:55 2023 +0800|bird2: bump to version 2.0.12
3f74d8a|Patrick Grimm|Sat Jan 28 11:28:00 2023 +0100|oonf-olsrd2: a usable default configuration
521a406|Maciej Krüger|Mon Jan 2 01:45:37 2023 +0100|oonf-olsrd2: fix building with multiple plugins - fixes #826
8a82f32|Patrick Grimm|Tue Feb 21 02:19:58 2023 +0100|oonf-olsrd2: change to git version from 2022-08-25
7d6f3c0|Bradford Zhang|Tue Feb 21 12:53:55 2023 +0800|bird2: bump to version 2.0.12
14afd9b|Patrick Grimm|Sun Jan 8 18:14:36 2023 +0100|oonf-olsrd2: add missing static plugin olsrv2_lan
83bc4fc|Nick Hainke|Fri Feb 10 08:18:13 2023 +0100|babeld: remove AUTORELEASE
59bc28b|Nick Hainke|Tue Feb 7 16:18:17 2023 +0100|babeld: update to 1.12.2
20e1b16|Nick Hainke|Fri Feb 10 08:18:13 2023 +0100|babeld: remove AUTORELEASE
bb65c3a|Nick Hainke|Tue Feb 7 16:18:17 2023 +0100|babeld: update to 1.12.2
3d5c0b5|Simon Wunderlich|Fri Jan 27 10:05:43 2023 +0100|Merge pull request #941 from ecsv/batadv-2023.0
64fbf9a|Sven Eckelmann|Thu Jan 26 22:29:55 2023 +0100|alfred: update to version 2023.0
b70ac8f|Sven Eckelmann|Thu Jan 26 22:29:55 2023 +0100|batctl: update to version 2023.0
b4034e4|Sven Eckelmann|Thu Jan 26 22:29:55 2023 +0100|batman-adv: update to version 2023.0
74948d5|Rob White|Mon Jan 23 16:45:31 2023 +0000|opennds: Release v9.10.0
18168b3|Rob White|Mon Jan 23 16:45:31 2023 +0000|opennds: Release v9.10.0
d27be8d|Patrick Grimm|Sun Jan 15 10:43:07 2023 +0100|luci-app-olsrd2: New Package for OLSR2 configuration and status visualisation'
c8ba43a|Patrick Grimm|Sun Jan 15 00:30:13 2023 +0100|oonf-dlep-proxy: change to git version from 2022-08-25
7d5e0de|Patrick Grimm|Sun Jan 15 02:05:20 2023 +0100|oonf-dlep-radio: change to git version from 2022-08-25
53ab677|Patrick Grimm|Sat Jan 14 12:21:15 2023 +0100|oonf: fix IB warnings 'include file not found'
b65ef40|Christian Marangi|Sun Jan 22 20:12:42 2023 +0100|bmx7: bump PKG_RELEASE for libiwinfo ABI change
c470bff|Moritz Warning|Thu Dec 1 20:10:00 2022 +0100|bird1-openwrt: change maintainer for bird1-ipv6-openwrt
a1d9719|Moritz Warning|Thu Dec 1 20:09:44 2022 +0100|bird1-openwrt: change maintainer for bird1-ipv4-openwrt
1a87333|Bradford Zhang|Wed Dec 21 17:07:37 2022 +0800|bird2: bump to version 2.0.11
7086d85|Bradford Zhang|Mon Dec 12 11:03:17 2022 +0800|bird2: bump to version 2.0.11
d5c4ef9|krzys-h|Sat Jul 23 10:30:18 2022 +0200|bird1: Add missing dependency on luci-compat
0fb5e3c|Rob White|Sat Nov 19 08:25:39 2022 +0000|opennds: Release v9.9.1
6c31b5b|Rob White|Sat Nov 19 08:25:39 2022 +0000|opennds: Release v9.9.1
a3843dd|Simon Wunderlich|Fri Nov 11 16:48:42 2022 +0100|Merge pull request #917 from ecsv/batadv-2022.3
9388f0e|Simon Wunderlich|Fri Nov 11 16:48:38 2022 +0100|Merge pull request #918 from ecsv/batadv-for-22.03
5ca59df|Sven Eckelmann|Thu Nov 10 21:14:42 2022 +0100|alfred: update to version 2022.3
fb4beae|Sven Eckelmann|Thu Nov 10 21:14:42 2022 +0100|batctl: update to version 2022.3
0812915|Sven Eckelmann|Thu Nov 10 21:14:42 2022 +0100|batman-adv: update to version 2022.3
d9cd6ef|Sven Eckelmann|Thu Nov 10 21:31:49 2022 +0100|batman-adv: Merge bugfixes from 2022.3
c2f9428|Stijn Tintel|Wed Nov 2 15:32:29 2022 +0200|olsrd: trim trailing space
4903e18|Simon Wunderlich|Mon Oct 24 10:44:32 2022 +0200|Merge pull request #913 from ecsv/batadv-for-22.03
079c922|Simon Wunderlich|Mon Oct 24 10:44:28 2022 +0200|Merge pull request #912 from ecsv/batadv-2022.2
6b612cd|Sven Eckelmann|Sun Oct 23 09:56:15 2022 +0200|alfred: Rebuild on CONFIG*_ALFRED_* changes
88ee3e6|Sven Eckelmann|Sun Oct 23 09:56:15 2022 +0200|alfred: Rebuild on CONFIG*_ALFRED_* changes
fb41ed5|Sven Eckelmann|Sun Oct 23 09:56:15 2022 +0200|batman-adv: Rebuild on CONFIG_BATMAN_ADV_* changes
2e28186|Sven Eckelmann|Sun Oct 23 09:56:15 2022 +0200|batman-adv: Rebuild on CONFIG_BATMAN_ADV_* changes
8502870|Rob White|Sun Oct 9 13:32:45 2022 +0100|opennds: Release v9.9.0
6cccf1f|Rob White|Sun Oct 9 13:32:45 2022 +0100|opennds: Release v9.9.0
8872359|Rob White|Mon Aug 8 14:18:26 2022 +0100|mesh11sd: Release v1.2.0
e819ede|Rob White|Sun Aug 7 21:01:50 2022 +0100|opennds: Release v9.8.0
290ed82|Rob White|Mon Aug 8 14:18:26 2022 +0100|mesh11sd: Release v1.2.0
b6f063d|Rob White|Sun Aug 7 21:01:50 2022 +0100|opennds: Release v9.8.0
6af0f22|Simon Wunderlich|Wed Jul 27 16:05:56 2022 +0200|Merge pull request #901 from ecsv/batadv-2022.2
5db5b12|Sven Eckelmann|Tue Jul 26 21:56:31 2022 +0200|alfred: update to version 2022.2
0e88798|Sven Eckelmann|Tue Jul 26 21:56:00 2022 +0200|batctl: update to version 2022.2
4a2b53b|Sven Eckelmann|Tue Jul 26 21:55:40 2022 +0200|batman-adv: update to version 2022.2
1ccc4e4|Toke Høiland-Jørgensen|Wed Jun 29 15:11:08 2022 +0200|Merge pull request #896 from mbargo23/bird22.03
69afa34|Jan Betik|Tue Jun 28 16:42:52 2022 +0200|bird2: bump to version 2.0.10
9abed61|Toke Høiland-Jørgensen|Tue Jun 28 17:30:14 2022 +0200|Merge pull request #895 from mbargo23/mbargo23/bird2
1fa9fa3|Jan Betik|Tue Jun 28 16:42:52 2022 +0200|bird2: bump to version 2.0.10
1735768|Nick Hainke|Wed Jun 22 14:12:28 2022 +0200|olsrd: replace patch for storms with real patch
cfd8272|Nick Hainke|Wed Jun 22 14:12:28 2022 +0200|olsrd: replace patch for storms with real patch
bb5bbc6|Nick Hainke|Wed Jun 22 10:19:03 2022 +0200|olsrd: import patch to prevent olsr storms
1e1d004|William Fleurant|Mon Jun 20 21:31:44 2022 +0200|cjdns: support the supernodes feature (#884)
2c3cf7f|William Fleurant|Sat Jun 18 19:01:00 2022 +0200|cjdns: bump v21.1 and patch find-python (#883)
d705f79|William Fleurant|Mon Jun 20 21:31:44 2022 +0200|cjdns: support the supernodes feature (#884)
217330b|William Fleurant|Sat Jun 18 19:01:00 2022 +0200|cjdns: bump v21.1 and patch find-python (#883)
4b2b6b3|Nick Hainke|Fri Jun 10 08:46:28 2022 +0200|naywatch: add log when naywatch activates
09d5ceb|Nick Hainke|Fri Jun 10 08:46:28 2022 +0200|naywatch: add log when naywatch activates
e2d72c5|Jeffery To|Tue May 31 15:02:04 2022 +0800|ci: Use openwrt/gh-action-sdk@v5
b7a8391|Rob White|Fri May 20 21:12:30 2022 +0100|mesh11sd: Release v1.1.1
80817c8|Rob White|Fri May 20 21:12:30 2022 +0100|mesh11sd: Release v1.1.1
f6d2b09|Nick Hainke|Thu May 19 06:23:09 2022 +0200|babeld: rewrite description
983096d|Nick Hainke|Thu May 19 06:23:09 2022 +0200|babeld: rewrite description
37d2c78|Nick Hainke|Wed May 18 16:54:25 2022 +0200|babled: update to 1.12.1
9028f67|Nick Hainke|Wed May 18 16:54:25 2022 +0200|babled: update to 1.12.1
50e02d4|Simon Wunderlich|Fri May 13 11:51:19 2022 +0200|Merge pull request #863 from ecsv/batadv-2022.1
4216c90|Sven Eckelmann|Thu May 12 14:29:10 2022 +0200|batman-adv: Fix build with kernel 5.15.38
7f2a19e|Simon Wunderlich|Sun May 8 15:00:14 2022 +0200|Merge pull request #858 from ecsv/batadv-for-22.03
8770d8f|Simon Wunderlich|Sun May 8 15:00:03 2022 +0200|Merge pull request #857 from ecsv/batadv-2022.1
255c859|Nick Hainke|Sun May 8 12:05:32 2022 +0200|babeld: update to 1.12
b357663|Nick Hainke|Sun May 8 12:05:32 2022 +0200|babeld: update to 1.12
f2bebea|Sven Eckelmann|Fri May 6 22:26:35 2022 +0200|alfred: Merge bugfixes from 2022.1
2bebe7e|Sven Eckelmann|Fri May 6 22:26:35 2022 +0200|batctl: Merge bugfixes from 2022.1
0ab07cf|Sven Eckelmann|Fri May 6 22:26:35 2022 +0200|batman-adv: Merge bugfixes from 2022.1
6a5c3db|Sven Eckelmann|Fri May 6 21:49:35 2022 +0200|alfred: update to version 2022.1
4868b89|Sven Eckelmann|Fri May 6 21:51:41 2022 +0200|batctl: update to version 2022.1
b65a8ca|Sven Eckelmann|Fri May 6 21:51:41 2022 +0200|batman-adv: update to version 2022.1
20621cf|Toke Høiland-Jørgensen|Wed Apr 27 11:07:07 2022 +0200|Merge pull request #856 from stintel/bird
0fd4ed1|Stijn Tintel|Wed Apr 27 11:20:26 2022 +0300|bird2: stop service early
48f6120|Simon Wunderlich|Mon Apr 18 13:59:49 2022 +0200|Merge pull request #854 from ecsv/batadv-for-22.03
d929509|Simon Wunderlich|Mon Apr 18 13:59:25 2022 +0200|Merge pull request #852 from ecsv/batadv-2022.0
f36b0ae|Sven Eckelmann|Sun Apr 17 13:25:16 2022 +0200|batman-adv: compat: Add atomic mc_forwarding support for stable kernels
b1d9a55|Sven Eckelmann|Sun Apr 17 13:39:43 2022 +0200|batman-adv: Drop compat hacks for kernels < 5.10
500352d|Sven Eckelmann|Sun Apr 17 13:36:52 2022 +0200|batman-adv: Drop unused compat patches
73195d6|Sven Eckelmann|Sun Apr 17 13:25:16 2022 +0200|batman-adv: compat: Add atomic mc_forwarding support for stable kernels
e64a2b4|Jo-Philipp Wich|Tue Apr 12 23:59:16 2022 +0200|opennds: remove iptables-legacy CONFLICTS
8574cb4|Jo-Philipp Wich|Tue Apr 12 23:59:16 2022 +0200|opennds: remove iptables-legacy CONFLICTS
6435f55|Rob White|Tue Mar 22 20:12:40 2022 +0000|mesh11sd: [New Package] Release v1.0.0
65297e7|Rob White|Sat Mar 19 17:42:49 2022 +0000|opennds: Release v9.7.0
76e044b|Nick Hainke|Fri Apr 1 10:16:56 2022 +0200|naywatch: fix reboot_now
65f747a|Nick Hainke|Fri Apr 1 10:16:56 2022 +0200|naywatch: fix reboot_now
bf03ceb|Nick Hainke|Wed Mar 30 19:30:17 2022 +0200|babeld: bump to version 1.11
db8ebcd|Petr Štetiar|Thu Mar 24 09:17:27 2022 +0100|ci: use openwrt/gh-action-sdk@v4
ad9c9e7|Paul Spooren|Sat Oct 9 09:34:37 2021 -1000|CI: update SDK action to v3
5702d2e|Petr Štetiar|Thu Mar 24 09:17:27 2022 +0100|ci: use openwrt/gh-action-sdk@v4
2134c56|Paul Spooren|Sat Oct 9 09:34:37 2021 -1000|CI: update SDK action to v3
93efc5b|Rob White|Tue Mar 22 20:12:40 2022 +0000|mesh11sd: [New Package] Release v1.0.0
dbff012|Nick Hainke|Wed Mar 30 19:30:17 2022 +0200|babeld: bump to version 1.11
9e5c8d4|Nick Hainke|Mon Mar 28 00:04:19 2022 +0200|babeld: add add_filter function
a618159|Nick Hainke|Mon Mar 28 00:04:19 2022 +0200|babeld: add add_filter function
0dae864|Nick Hainke|Fri Mar 25 19:26:06 2022 +0100|olsrd: set lqm via ipc
e3c6842|Nick Hainke|Fri Mar 25 19:26:06 2022 +0100|olsrd: set lqm via ipc
d078190|Rob White|Sat Mar 19 17:42:49 2022 +0000|opennds: Release v9.7.0
</details>
