<details> <summary> <b>openwrt telephony new commit log :new: </b>  </summary>

SHA|Author|Date|Message
-|-|-|-
dc889d8|Daniel Golle|Sun Mar 3 16:16:51 2024 +0000|Merge pull request #857 from dangowrt/lantiq-vmmc-group
6b3fe2b|Daniel Golle|Sun Mar 3 15:25:22 2024 +0000|asterisk-chan-lantiq: add user 'asterisk' to 'vmmc' group
51c6f58|micmac1|Wed Jan 31 18:35:54 2024 +0100|Merge pull request #856 from micmac1/sipp-372
352384f|micmac1|Wed Jan 31 18:35:06 2024 +0100|Merge pull request #788 from guijan/pcapsipdump-libobsd
7e66d0e|Sebastian Kemper|Sun Jan 21 15:15:08 2024 +0100|sipp: bump to 3.7.2
54c0d91|micmac1|Sat Jan 6 10:44:16 2024 +0100|Merge pull request #853 from micmac1/rtpe-10.5.6.3-22.03
635214a|micmac1|Sat Jan 6 10:41:22 2024 +0100|Merge pull request #851 from micmac1/22.03-ast-18.20.2
ca132ae|Sebastian Kemper|Sat Jan 6 10:37:30 2024 +0100|rtpengine: bump to 9.5.8.2
404a50b|Sebastian Kemper|Fri Jan 5 23:34:56 2024 +0100|asterisk: bump to 18.20.2
ab63996|Sebastian Kemper|Fri Dec 29 09:01:10 2023 +0100|pjproject: sync patches with asterisk 18.20.2
e1ddb67|Andreas Gnau|Wed Aug 30 18:36:14 2023 +0200|pjproject: Add PKG_CPE_ID
0b0af5c|Jiri Slachta|Fri Dec 29 11:11:14 2023 +0100|Merge pull request #849 from micmac1/ast-20.5.2
3d1eac3|micmac1|Fri Dec 29 09:14:35 2023 +0100|Merge pull request #848 from micmac1/dongle-2022
4e4b281|Sebastian Kemper|Fri Dec 29 09:03:00 2023 +0100|asterisk: bump to 20.5.2
6643627|Sebastian Kemper|Fri Dec 29 09:01:10 2023 +0100|pjproject: sync patches with asterisk 20.5.2
411b6fb|Sebastian Kemper|Tue Dec 26 14:21:58 2023 +0100|asterisk-chan-dongle: bump to latest git
ca2a412|micmac1|Mon Dec 25 15:30:44 2023 +0100|Merge pull request #847 from micmac1/rtpe-11.5.1.18
de75348|Sebastian Kemper|Sun Dec 24 23:50:51 2023 +0100|rtpengine: bump to 11.5.1.18
8143d9d|micmac1|Sun Dec 24 14:44:30 2023 +0100|Merge pull request #846 from micmac1/fs-1.10.11-22.03
9824198|Sebastian Kemper|Sat Dec 23 23:40:37 2023 +0100|freeswitch: bump to 1.10.11
a9a7b45|Sebastian Kemper|Sat Dec 23 23:38:30 2023 +0100|sofia-sip: bump to 1.13.17
02f4ad1|micmac1|Sun Dec 24 12:09:27 2023 +0100|Merge pull request #844 from micmac1/fs-1.10.11
390b0aa|Sebastian Kemper|Sat Dec 23 23:40:37 2023 +0100|freeswitch: bump to 1.10.11
2ec7aac|Sebastian Kemper|Sat Dec 23 23:38:30 2023 +0100|sofia-sip: bump to 1.13.17
04666c3|Jiri Slachta|Sat Nov 25 22:45:44 2023 +0100|Merge pull request #843 from guidosarducci/master-fix-network-device
7ab8207|Tony Ambardar|Tue Nov 21 18:53:39 2023 -0800|siproxd: improve network device resolution
b28229f|Jiri Slachta|Sat Nov 11 19:47:27 2023 +0100|Merge pull request #840 from Ansuel/pcre-kamailio
35b00b0|micmac1|Sun Nov 5 09:38:16 2023 +0100|Merge pull request #839 from Ansuel/rtengine-pcre2
fc766e3|micmac1|Sun Nov 5 09:34:36 2023 +0100|Merge pull request #838 from Ansuel/sipgrep-pcre2
add9143|micmac1|Sun Nov 5 09:31:45 2023 +0100|Merge pull request #834 from robho/yate_nftables_banbrutes
56ec2ae|micmac1|Sun Nov 5 09:26:52 2023 +0100|Merge pull request #836 from micmac1/dahli-6
ed8d330|Christian Marangi|Thu Nov 2 23:36:52 2023 +0100|rtpengine: bump to 11.5.1.12 release and set PCRE2
ac4ad7f|Christian Marangi|Fri Nov 3 03:37:05 2023 +0100|kamailio: backport and move to PCRE2
231910d|Christian Marangi|Fri Nov 3 03:35:35 2023 +0100|kamailio: bump to release 5.7.2
ceb721c|Christian Marangi|Fri Nov 3 03:33:16 2023 +0100|kamailio: add patch fixing fragile kamcmd
77068cd|Christian Marangi|Thu Nov 2 22:21:15 2023 +0100|sipgrep: Move package to PCRE2
178e4bc|Sebastian Kemper|Fri Oct 13 11:24:32 2023 +0200|dahdi-linux: bump to latest git head
8a2f823|Robert Högberg|Tue Oct 10 23:25:34 2023 +0200|yate: Update yate script to use an nftables set
33f2ae7|micmac1|Sat Oct 7 10:13:05 2023 +0200|Merge pull request #833 from micmac1/fs-vpx-CVE-2023-5217-CVE-2023-44488-22
a1dd316|Sebastian Kemper|Wed Oct 4 19:26:07 2023 +0200|freeswitch: add patches for CVEs in bundled libvpx
5f998af|micmac1|Fri Oct 6 21:47:20 2023 +0200|Merge pull request #831 from micmac1/fs-vpx-CVE-2023-5217
26e09b2|Sebastian Kemper|Wed Oct 4 19:26:07 2023 +0200|freeswitch: add patches for CVEs in bundled libvpx
4ccdae6|Jiri Slachta|Sun Sep 17 20:26:41 2023 +0200|Merge pull request #829 from Rondom/rondom-add-cpe-ids
2b3ae31|Andreas Gnau|Wed Aug 30 18:36:14 2023 +0200|pjproject: Add PKG_CPE_ID
387ae7b|Andreas Gnau|Wed Aug 30 18:35:51 2023 +0200|asterisk: Add PKG_CPE_ID
b222f4f|micmac1|Fri Aug 25 19:32:33 2023 +0200|Merge pull request #828 from micmac1/fs-1.10.10-22.03
e293326|Sebastian Kemper|Fri Aug 18 14:23:53 2023 +0200|freeswitch: bump to 1.10.10
4a72d22|Sebastian Kemper|Mon May 29 19:53:34 2023 +0200|freeswitch: mark mod-python3 BROKEN
81a2997|Sebastian Kemper|Fri May 19 01:00:12 2023 +0200|freeswitch: fix compile against musl-1.2.4
d71123c|Sebastian Kemper|Thu Mar 2 20:11:57 2023 +0100|freeswitch: bump to 1.10.9
136593c|Sebastian Kemper|Tue Nov 8 21:19:19 2022 +0100|freeswitch: use return in init script
d3d6a46|Sebastian Kemper|Mon Nov 7 22:07:50 2022 +0100|freeswitch: workaround mod-shout compile failure
dfd2ba6|Sebastian Kemper|Sat Oct 15 16:49:19 2022 +0200|freeswitch: bump to 1.10.8
7fe8550|Sebastian Kemper|Sun Jun 12 10:05:30 2022 +0200|freeswitch: workaround compile fail with gcc 12
4968b13|Sebastian Kemper|Tue Aug 22 21:44:13 2023 +0200|signalwire-client-c: bump to 1.3.3
59ec33e|Sebastian Kemper|Tue Aug 22 21:39:56 2023 +0200|libks: bump to 1.8.3
52899d4|Sebastian Kemper|Thu Mar 2 20:09:02 2023 +0100|libks: bump to 1.8.2
9a5d60c|Sebastian Kemper|Sat Oct 15 16:42:14 2022 +0200|libks: bump to 1.8.0
5f730e2|Sebastian Kemper|Fri Aug 18 12:38:12 2023 +0200|sofia-sip: bump to 1.13.16
daf02e9|Sebastian Kemper|Thu Mar 2 20:10:04 2023 +0100|sofia-sip: bump to 1.13.14
bdea313|Sebastian Kemper|Thu Dec 29 13:16:12 2022 +0100|sofia-sip: bump to 1.13.11
3408984|Sebastian Kemper|Sun Sep 25 11:04:22 2022 +0200|sofia-sip: bump to 1.13.9
eb44b1a|Sebastian Kemper|Fri Aug 18 12:36:41 2023 +0200|spandsp3: bump to commit from June 16th
2203ac0|Sebastian Kemper|Thu Mar 2 20:10:58 2023 +0100|spandsp3: bump to latest commit
1488eb0|micmac1|Sat Aug 19 11:20:16 2023 +0200|Merge pull request #826 from micmac1/fs-1.10.10
999a8a9|Sebastian Kemper|Fri Aug 18 14:23:53 2023 +0200|freeswitch: bump to 1.10.10
bd1a8de|Sebastian Kemper|Fri Aug 18 14:23:41 2023 +0200|signalwire-client-c: bump to 2.0.0
04f03b9|Sebastian Kemper|Fri Aug 18 14:23:30 2023 +0200|libks: bump to 2.0.2
4cce5eb|Sebastian Kemper|Fri Aug 18 12:38:12 2023 +0200|sofia-sip: bump to 1.13.16
c18640b|Sebastian Kemper|Fri Aug 18 12:36:41 2023 +0200|spandsp3: bump to commit from June 16th
cde59ed|micmac1|Sun Jul 23 17:59:20 2023 +0200|Merge pull request #824 from micmac1/22.03-ast-iax2-crash
2a3c267|Sebastian Kemper|Sun Jul 23 15:58:44 2023 +0200|asterisk: add upstream patch against iax2 crash
c093d20|micmac1|Sun Jul 23 15:45:02 2023 +0200|Merge pull request #822 from micmac1/ast-iax2-crash
3d063ac|Sebastian Kemper|Sun Jul 23 12:26:21 2023 +0200|asterisk: add upstream patch against iax2 crash
6e1c2e9|micmac1|Tue Jul 18 23:16:17 2023 +0200|Merge pull request #820 from kuanyili/replace-autorelease
8727575|Kuan-Yi Li|Tue Jul 18 10:45:41 2023 +0800|treewide: replace AUTORELEASE with real PKG_RELEASE
be76ecd|micmac1|Thu Jul 13 23:08:10 2023 +0200|Merge pull request #819 from micmac1/pj2131-22.03
835694c|Sebastian Kemper|Sun Jul 9 16:11:09 2023 +0200|asterisk: remove dep on libsrtp from res-pjproject
1a8b1bf|Sebastian Kemper|Sat Jul 8 10:39:36 2023 +0200|pjproject: bump to 2.13.1
b6a2a3d|Sebastian Kemper|Wed Jun 7 23:38:52 2023 +0200|pjproject: bump to 2.13
bcf4d2a|micmac1|Sun Jul 9 10:05:04 2023 +0200|Merge pull request #817 from micmac1/pj2131
73526e5|Sebastian Kemper|Sat Jul 8 10:39:36 2023 +0200|pjproject: bump to 2.13.1
7983fb1|micmac1|Sun Jul 2 20:55:11 2023 +0200|Merge pull request #815 from micmac1/ast-20.3.0
945b7ea|Sebastian Kemper|Wed Jun 7 23:51:43 2023 +0200|asterisk: bump to 20.3.0
2e9e9b8|Sebastian Kemper|Wed Jun 7 23:38:52 2023 +0200|pjproject: bump to 2.13
5960523|micmac1|Mon May 29 23:13:36 2023 +0200|Merge pull request #812 from micmac1/kam-py-3.11-patches
e77a92e|micmac1|Mon May 29 23:12:52 2023 +0200|Merge pull request #811 from micmac1/fs-py-3.11-broken
4483312|Sebastian Kemper|Mon May 29 19:56:54 2023 +0200|kamailio: add patches for app_python3
2d4c2d2|Sebastian Kemper|Mon May 29 19:53:34 2023 +0200|freeswitch: mark mod-python3 BROKEN
27be55e|micmac1|Fri May 19 10:45:34 2023 +0200|Merge pull request #810 from micmac1/fs-musl-1.2.4
8bd8f5e|Sebastian Kemper|Fri May 19 01:00:12 2023 +0200|freeswitch: fix compile against musl-1.2.4
afad179|Christian Marangi|Fri May 12 20:27:48 2023 +0200|dahdi-linux: add multiple patch fixing compilation warning
f265a93|Christian Marangi|Fri May 12 19:41:14 2023 +0200|rtpengine: add patch fixing compilation warning for kernel module
36d9f2f|micmac1|Wed Apr 12 15:32:35 2023 +0200|Merge pull request #809 from micmac1/fs-backport-22.03
ee3094c|Eneas U de Queiroz|Thu Feb 9 15:32:06 2023 -0300|freeswitch: allow building with OpenSSL 3.0
39ca113|micmac1|Wed Mar 29 20:18:27 2023 +0200|Merge pull request #807 from micmac1/ci-up
a4b6dfa|Sebastian Kemper|Fri Mar 24 10:29:18 2023 +0100|CI: sync up with changes in packages repo
2a81709|micmac1|Fri Mar 24 10:13:45 2023 +0100|Merge pull request #806 from dhewg/buildflags
50d73ce|micmac1|Fri Mar 24 10:10:49 2023 +0100|Merge pull request #802 from cotequeiroz/baresip
e29aac5|micmac1|Fri Mar 24 10:03:33 2023 +0100|Merge pull request #805 from micmac1/sccp-autoconf-2.70
7681ad2|Andre Heider|Thu Mar 23 09:49:33 2023 +0100|kamailio: refactor to use PKG_BUILD_FLAGS:=no-mips16
3b0a9ac|Sebastian Kemper|Sat Mar 18 17:42:35 2023 +0100|asterisk-chan-sccp: autoconf fixes
f79f624|micmac1|Fri Mar 3 17:17:42 2023 +0100|Merge pull request #804 from micmac1/fs-1109
269b611|Sebastian Kemper|Thu Mar 2 20:11:57 2023 +0100|freeswitch: bump to 1.10.9
5df2a49|Sebastian Kemper|Thu Mar 2 20:10:58 2023 +0100|spandsp3: bump to latest commit
9cfc0b4|Sebastian Kemper|Thu Mar 2 20:10:04 2023 +0100|sofia-sip: bump to 1.13.14
e52d417|Sebastian Kemper|Thu Mar 2 20:09:02 2023 +0100|libks: bump to 1.8.2
54be049|micmac1|Sun Feb 12 18:33:38 2023 +0100|Merge pull request #803 from cotequeiroz/OpenSSL3
d1d08ea|Eneas U de Queiroz|Fri Feb 10 08:30:44 2023 -0300|baresip: fix parallel build
26bb868|Eneas U de Queiroz|Thu Feb 9 15:27:00 2023 -0300|coturn: update to 4.6.1
09ad78b|Eneas U de Queiroz|Thu Feb 9 15:32:06 2023 -0300|freeswitch: allow building with OpenSSL 3.0
5087c7e|micmac1|Tue Jan 10 21:01:14 2023 +0100|Merge pull request #798 from micmac1/22.03-rtpe-lws-openssl
b1bfd7d|Jiri Slachta|Mon Jan 9 14:16:47 2023 +0100|Merge pull request #797 from micmac1/rtpe-lws-openssl
bb67b9f|Sebastian Kemper|Mon Jan 9 12:15:24 2023 +0100|rtpengine: update libwebsockets dependency
022701e|Sebastian Kemper|Mon Jan 9 12:04:46 2023 +0100|rtpengine: update libwebsockets dependency
3cf295a|micmac1|Fri Dec 30 20:11:21 2022 +0100|Merge pull request #795 from micmac1/sof-1.13.11
2aeae69|Sebastian Kemper|Thu Dec 29 13:16:12 2022 +0100|sofia-sip: bump to 1.13.11
49abbb9|Jiri Slachta|Wed Dec 7 21:50:23 2022 +0100|Merge pull request #792 from micmac1/ast-18.5.1-22.03
b71770d|Sebastian Kemper|Fri Dec 2 21:40:22 2022 +0100|asterisk: bump to 18.15.1
22958d6|Sebastian Kemper|Fri Dec 2 18:10:38 2022 +0100|pjproject: backport security fixes from 2.13
2a34d11|Jiri Slachta|Fri Dec 2 20:12:15 2022 +0100|Merge pull request #791 from micmac1/ast-20.0.1
994eb6e|Sebastian Kemper|Sat Aug 20 11:28:34 2022 +0200|asterisk: bump to 18.14.0
3c85043|Sebastian Kemper|Sat Aug 20 11:06:39 2022 +0200|pjproject: bump to 2.12.1
64df3ed|Sebastian Kemper|Fri Dec 2 18:15:23 2022 +0100|asterisk: bump to 20.0.1
472f1ac|Sebastian Kemper|Fri Dec 2 18:10:38 2022 +0100|pjproject: backport security fixes from 2.13
ed951ea|micmac1|Sat Nov 19 08:40:33 2022 +0100|Merge pull request #790 from micmac1/init-return
e024681|Sebastian Kemper|Tue Nov 8 22:19:17 2022 +0100|rtpproxy: use return in init script
2be80b0|Sebastian Kemper|Tue Nov 8 22:01:01 2022 +0100|kamailio: use return in init script
9604a20|Sebastian Kemper|Tue Nov 8 21:19:19 2022 +0100|freeswitch: use return in init script
ebfad75|Sebastian Kemper|Tue Nov 8 21:12:48 2022 +0100|coturn: use return in init script
b69ae7b|Sebastian Kemper|Tue Nov 8 21:10:52 2022 +0100|baresip: use return in init script
69aebd4|Sebastian Kemper|Tue Nov 8 21:08:16 2022 +0100|asterisk: use return in init script
87a78e0|micmac1|Tue Nov 8 19:00:31 2022 +0100|Merge pull request #789 from micmac1/fs-libshout-deprecated
145d0b3|Sebastian Kemper|Mon Nov 7 22:07:50 2022 +0100|freeswitch: workaround mod-shout compile failure
1d3ed80|Guilherme Janczak|Thu Nov 3 21:13:39 2022 +0000|pcapsipdump: fix linking against libobsd
0403af5|Jiri Slachta|Thu Oct 20 06:04:57 2022 +0200|Merge pull request #785 from micmac1/ast20
5ddb85f|Sebastian Kemper|Wed Oct 19 23:18:12 2022 +0200|asterisk: bump to 20.0.0 LTS
33e6dea|micmac1|Wed Oct 19 20:26:03 2022 +0200|Merge pull request #784 from micmac1/kam562
7163789|Sebastian Kemper|Sun Oct 16 17:23:09 2022 +0200|kamailio: bump to 5.6.2
4575521|Sebastian Kemper|Sun Oct 16 17:14:03 2022 +0200|kamailio: fix dep for keepalive module
07cbb38|Sebastian Kemper|Sun Oct 16 17:09:21 2022 +0200|kamailio: add descriptions via BuildKamailioModule
fa14037|micmac1|Sat Oct 15 18:57:06 2022 +0200|Merge pull request #783 from micmac1/fs-1.10.8
66cddc0|Sebastian Kemper|Sat Oct 15 16:49:19 2022 +0200|freeswitch: bump to 1.10.8
b1fa575|Sebastian Kemper|Sat Oct 15 16:42:14 2022 +0200|libks: bump to 1.8.0
176665c|micmac1|Sat Oct 15 11:00:27 2022 +0200|Merge pull request #781 from micmac1/rtpengine-mqtt
2a13d2e|Sebastian Kemper|Sat Oct 15 09:56:09 2022 +0200|rtpengine: add mqtt dep
a16f7ce|Jiri Slachta|Sat Oct 15 08:35:13 2022 +0200|Merge pull request #780 from micmac1/rtpengine-10.5.2.6
4324324|Sebastian Kemper|Sat Oct 15 00:51:28 2022 +0200|rtpengine: bump to 10.5.2.6
2d70a4c|micmac1|Fri Sep 30 11:01:42 2022 +0200|Merge pull request #777 from micmac1/sof-1.13.9
a48a0ca|micmac1|Fri Sep 30 11:00:50 2022 +0200|Merge pull request #778 from micmac1/sngrep-1.6.0
839c181|Sebastian Kemper|Sun Sep 25 11:50:38 2022 +0200|sngrep: bump to 1.6.0
b563e61|Sebastian Kemper|Sun Sep 25 11:04:22 2022 +0200|sofia-sip: bump to 1.13.9
649bd22|Jiri Slachta|Sun Aug 21 12:23:20 2022 +0200|Merge pull request #776 from micmac1/ast-18.4
aa3bc35|Sebastian Kemper|Sat Aug 20 11:28:34 2022 +0200|asterisk: bump to 18.14.0
a572285|Sebastian Kemper|Sat Aug 20 11:06:39 2022 +0200|pjproject: bump to 2.12.1
f129efb|Jiri Slachta|Sat Jul 16 23:39:02 2022 +0200|Merge pull request #775 from micmac1/chan-dongle-iconv-update
4e30b64|Sebastian Kemper|Sat Jul 16 20:24:48 2022 +0200|asterisk-chan-dongle: adapt BUILD_NLS handling
f50096a|micmac1|Wed Jun 15 00:35:40 2022 +0200|Merge pull request #773 from micmac1/fs-gcc-12
62929c2|Sebastian Kemper|Sun Jun 12 10:05:30 2022 +0200|freeswitch: workaround compile fail with gcc 12
ce64b9c|micmac1|Wed Jun 8 23:33:13 2022 +0200|Merge pull request #772 from PolynomialDivision/fix-compile
2d9385f|Nick Hainke|Wed Jun 8 00:28:52 2022 +0200|rtpengine: fix compilation with iptables 1.8.8
1fc2c77|Jiri Slachta|Tue May 31 21:45:53 2022 +0200|Merge pull request #768 from micmac1/github-sync-with-packages
1d2031a|micmac1|Tue May 31 21:33:10 2022 +0200|Merge pull request #769 from micmac1/22.03-sof-1.13.8
ff8addf|Sebastian Kemper|Mon May 30 18:45:58 2022 +0200|CI: sync up with changes in packages repo
598ac09|Sebastian Kemper|Mon May 30 18:24:58 2022 +0200|sofia-sip: bump to 1.13.8
8edd28e|micmac1|Mon May 30 18:56:20 2022 +0200|Merge pull request #767 from micmac1/sof-1.13.8
1efc4f3|Sebastian Kemper|Mon May 30 18:24:58 2022 +0200|sofia-sip: bump to 1.13.8
056e93c|micmac1|Tue May 3 23:18:08 2022 +0200|Merge pull request #764 from micmac1/libsrtp-openssl
9b9ef7f|Sebastian Kemper|Sat Apr 30 17:57:54 2022 +0200|libsrtp: use OpenSSL
4c14854|micmac1|Sun Apr 17 12:47:54 2022 +0200|Merge pull request #760 from micmac1/22.03-ast-disable-libxslt
cf06463|micmac1|Sun Apr 17 12:47:11 2022 +0200|Merge pull request #759 from micmac1/ast-disable-libxslt
5188599|Sebastian Kemper|Sun Apr 17 10:57:20 2022 +0200|asterisk: add --without-libxslt to configure
64a1d2f|Sebastian Kemper|Sun Apr 17 10:57:20 2022 +0200|asterisk: add --without-libxslt to configure
9d05db7|Jiri Slachta|Sat Apr 16 19:21:15 2022 +0200|Merge pull request #758 from micmac1/22.03-AST-2022-01-02-03-try2
1518d14|Jiri Slachta|Sat Apr 16 19:20:54 2022 +0200|Merge pull request #756 from micmac1/ast-18.11.2
814294e|Sebastian Kemper|Fri Apr 15 17:17:07 2022 +0200|asterisk: add logger patch
244e205|Sebastian Kemper|Fri Apr 15 17:15:38 2022 +0200|asterisk: replace time64 patch
dcc8a89|Sebastian Kemper|Fri Apr 15 16:25:50 2022 +0200|asterisk: bump to version 18.11.2
7117f79|Sebastian Kemper|Fri Apr 15 16:21:22 2022 +0200|pjproject: sync patches with asterisk 18.11.2
692d360|Philip Prindeville|Sun Feb 6 11:42:04 2022 -0700|asterisk: don't send stdout to syslog by default
23925c2|Sebastian Kemper|Fri Apr 15 17:17:07 2022 +0200|asterisk: add logger patch
c1cb4fd|Sebastian Kemper|Fri Apr 15 17:15:38 2022 +0200|asterisk: replace time64 patch
958401f|Sebastian Kemper|Fri Apr 15 16:25:50 2022 +0200|asterisk: bump to version 18.11.2
0c67ab5|Sebastian Kemper|Fri Apr 15 16:21:22 2022 +0200|pjproject: sync patches with asterisk 18.11.2
24acd46|Jiri Slachta|Thu Mar 24 08:30:51 2022 +0100|Merge pull request #739 from pprindeville/issue#738
fb0c2cf|Philip Prindeville|Sun Feb 6 11:42:04 2022 -0700|asterisk: don't send stdout to syslog by default
</details>
